<?xml version="1.0" encoding="UTF-8"?>
<testsuite xmlns:xsi="http://www.w3.org/2001/XMLSchema-instance" xsi:noNamespaceSchemaLocation="https://maven.apache.org/surefire/maven-surefire-plugin/xsd/surefire-test-report.xsd" name="xpu.edu.dao.GrantItemDaoTest" time="0.35" tests="1" errors="1" skipped="0" failures="0">
  <properties>
    <property name="sun.desktop" value="windows"/>
    <property name="awt.toolkit" value="sun.awt.windows.WToolkit"/>
    <property name="file.encoding.pkg" value="sun.io"/>
    <property name="java.specification.version" value="1.8"/>
    <property name="sun.cpu.isalist" value="amd64"/>
    <property name="sun.jnu.encoding" value="GBK"/>
    <property name="java.class.path" value="A:\Java Code\salary_manage\target\test-classes;A:\Java Code\salary_manage\target\classes;A:\M2\junit\junit\4.11\junit-4.11.jar;A:\M2\org\hamcrest\hamcrest-core\1.3\hamcrest-core-1.3.jar;A:\M2\org\mybatis\mybatis\3.4.6\mybatis-3.4.6.jar;A:\M2\mysql\mysql-connector-java\8.0.16\mysql-connector-java-8.0.16.jar;A:\M2\com\google\protobuf\protobuf-java\3.6.1\protobuf-java-3.6.1.jar;A:\M2\org\projectlombok\lombok\1.18.8\lombok-1.18.8.jar;"/>
    <property name="java.vm.vendor" value="Oracle Corporation"/>
    <property name="sun.arch.data.model" value="64"/>
    <property name="user.variant" value=""/>
    <property name="java.vendor.url" value="http://java.oracle.com/"/>
    <property name="user.timezone" value="Asia/Shanghai"/>
    <property name="java.vm.specification.version" value="1.8"/>
    <property name="os.name" value="Windows 10"/>
    <property name="user.country" value="CN"/>
    <property name="sun.java.launcher" value="SUN_STANDARD"/>
    <property name="sun.boot.library.path" value="C:\Program Files\Java\jdk1.8.0_191\jre\bin"/>
    <property name="sun.java.command" value="C:\Users\15291\AppData\Local\Temp\surefire408539620952176953\surefirebooter7596312013539054237.jar C:\Users\15291\AppData\Local\Temp\surefire408539620952176953 2019-07-08T21-58-40_503-jvmRun1 surefire3587877070184694351tmp surefire_07958566676093060833tmp"/>
    <property name="surefire.test.class.path" value="A:\Java Code\salary_manage\target\test-classes;A:\Java Code\salary_manage\target\classes;A:\M2\junit\junit\4.11\junit-4.11.jar;A:\M2\org\hamcrest\hamcrest-core\1.3\hamcrest-core-1.3.jar;A:\M2\org\mybatis\mybatis\3.4.6\mybatis-3.4.6.jar;A:\M2\mysql\mysql-connector-java\8.0.16\mysql-connector-java-8.0.16.jar;A:\M2\com\google\protobuf\protobuf-java\3.6.1\protobuf-java-3.6.1.jar;A:\M2\org\projectlombok\lombok\1.18.8\lombok-1.18.8.jar;"/>
    <property name="sun.cpu.endian" value="little"/>
    <property name="user.home" value="C:\Users\15291"/>
    <property name="user.language" value="zh"/>
    <property name="java.specification.vendor" value="Oracle Corporation"/>
    <property name="java.home" value="C:\Program Files\Java\jdk1.8.0_191\jre"/>
    <property name="basedir" value="A:\Java Code\salary_manage"/>
    <property name="file.separator" value="\"/>
    <property name="line.separator" value="&#10;"/>
    <property name="java.vm.specification.vendor" value="Oracle Corporation"/>
    <property name="java.specification.name" value="Java Platform API Specification"/>
    <property name="java.awt.graphicsenv" value="sun.awt.Win32GraphicsEnvironment"/>
    <property name="surefire.real.class.path" value="C:\Users\15291\AppData\Local\Temp\surefire408539620952176953\surefirebooter7596312013539054237.jar"/>
    <property name="sun.boot.class.path" value="C:\Program Files\Java\jdk1.8.0_191\jre\lib\resources.jar;C:\Program Files\Java\jdk1.8.0_191\jre\lib\rt.jar;C:\Program Files\Java\jdk1.8.0_191\jre\lib\sunrsasign.jar;C:\Program Files\Java\jdk1.8.0_191\jre\lib\jsse.jar;C:\Program Files\Java\jdk1.8.0_191\jre\lib\jce.jar;C:\Program Files\Java\jdk1.8.0_191\jre\lib\charsets.jar;C:\Program Files\Java\jdk1.8.0_191\jre\lib\jfr.jar;C:\Program Files\Java\jdk1.8.0_191\jre\classes"/>
    <property name="user.script" value=""/>
    <property name="sun.management.compiler" value="HotSpot 64-Bit Tiered Compilers"/>
    <property name="java.runtime.version" value="1.8.0_191-b12"/>
    <property name="user.name" value="15291"/>
    <property name="path.separator" value=";"/>
    <property name="os.version" value="10.0"/>
    <property name="java.endorsed.dirs" value="C:\Program Files\Java\jdk1.8.0_191\jre\lib\endorsed"/>
    <property name="java.runtime.name" value="Java(TM) SE Runtime Environment"/>
    <property name="file.encoding" value="GBK"/>
    <property name="java.vm.name" value="Java HotSpot(TM) 64-Bit Server VM"/>
    <property name="localRepository" value="A:\M2"/>
    <property name="java.vendor.url.bug" value="http://bugreport.sun.com/bugreport/"/>
    <property name="java.io.tmpdir" value="C:\Users\15291\AppData\Local\Temp\"/>
    <property name="idea.version" value="2018.2.6"/>
    <property name="java.version" value="1.8.0_191"/>
    <property name="user.dir" value="A:\Java Code\salary_manage"/>
    <property name="os.arch" value="amd64"/>
    <property name="java.vm.specification.name" value="Java Virtual Machine Specification"/>
    <property name="java.awt.printerjob" value="sun.awt.windows.WPrinterJob"/>
    <property name="sun.os.patch.level" value=""/>
    <property name="java.library.path" value="C:\Program Files\Java\jdk1.8.0_191\jre\bin;C:\Windows\Sun\Java\bin;C:\Windows\system32;C:\Windows;C:\Program Files (x86)\Common Files\Oracle\Java\javapath;C:\Windows\system32;C:\Windows;C:\Windows\System32\Wbem;C:\Windows\System32\WindowsPowerShell\v1.0\;C:\Windows\System32\OpenSSH\;C:\Program Files (x86)\Windows Kits\8.1\Windows Performance Toolkit\;C:\Program Files\Microsoft SQL Server\110\Tools\Binn\;C:\Program Files\Git\cmd;C:\Program Files\TortoiseGit\bin;C:\Program Files\Java\jdk1.8.0_191\bin;C:\Program Files (x86)\MySQL\MySQL Utilities 1.3.5\;C:\Program Files\MySQL\MySQL Server 5.7\bin;A:\apache-maven-3.6.0\bin;C:\Users\15291\AppData\Local\Microsoft\WindowsApps;D:\迅雷下载\apache-maven-3.6.0\bin;;."/>
    <property name="java.vm.info" value="mixed mode"/>
    <property name="java.vendor" value="Oracle Corporation"/>
    <property name="java.vm.version" value="25.191-b12"/>
    <property name="java.ext.dirs" value="C:\Program Files\Java\jdk1.8.0_191\jre\lib\ext;C:\Windows\Sun\Java\lib\ext"/>
    <property name="sun.io.unicode.encoding" value="UnicodeLittle"/>
    <property name="java.class.version" value="52.0"/>
  </properties>
  <testcase name="test" classname="xpu.edu.dao.GrantItemDaoTest" time="0.337">
    <error message="&#10;### Error querying database.  Cause: java.sql.SQLException: The server time zone value &apos;�й���׼ʱ��&apos; is unrecognized or represents more than one time zone. You must configure either the server or JDBC driver (via the serverTimezone configuration property) to use a more specifc time zone value if you want to utilize time zone support.&#10;### The error may exist in GrantItem.xml&#10;### The error may involve xpu.edu.dao.GrantItemDao.getAll&#10;### The error occurred while executing a query&#10;### Cause: java.sql.SQLException: The server time zone value &apos;�й���׼ʱ��&apos; is unrecognized or represents more than one time zone. You must configure either the server or JDBC driver (via the serverTimezone configuration property) to use a more specifc time zone value if you want to utilize time zone support." type="org.apache.ibatis.exceptions.PersistenceException">org.apache.ibatis.exceptions.PersistenceException: 

### Error querying database.  Cause: java.sql.SQLException: The server time zone value '�й���׼ʱ��' is unrecognized or represents more than one time zone. You must configure either the server or JDBC driver (via the serverTimezone configuration property) to use a more specifc time zone value if you want to utilize time zone support.
### The error may exist in GrantItem.xml
### The error may involve xpu.edu.dao.GrantItemDao.getAll
### The error occurred while executing a query
### Cause: java.sql.SQLException: The server time zone value '�й���׼ʱ��' is unrecognized or represents more than one time zone. You must configure either the server or JDBC driver (via the serverTimezone configuration property) to use a more specifc time zone value if you want to utilize time zone support.
	at xpu.edu.dao.GrantItemDaoTest.test(GrantItemDaoTest.java:27)
Caused by: java.sql.SQLException: The server time zone value '�й���׼ʱ��' is unrecognized or represents more than one time zone. You must configure either the server or JDBC driver (via the serverTimezone configuration property) to use a more specifc time zone value if you want to utilize time zone support.
	at xpu.edu.dao.GrantItemDaoTest.test(GrantItemDaoTest.java:27)
Caused by: com.mysql.cj.exceptions.InvalidConnectionAttributeException: The server time zone value '�й���׼ʱ��' is unrecognized or represents more than one time zone. You must configure either the server or JDBC driver (via the serverTimezone configuration property) to use a more specifc time zone value if you want to utilize time zone support.
	at xpu.edu.dao.GrantItemDaoTest.test(GrantItemDaoTest.java:27)
</error>
  </testcase>
</testsuite>